<?xml version="1.0" encoding="UTF-8"?>
<!-- Generated by org.testng.reporters.JUnitXMLReporter -->
<testsuite ignored="2" hostname="LIN-5CG3251Q22" failures="0" tests="1" name="Test2" time="0.368" errors="0" timestamp="2024-05-17T15:09:05 IST">
  <testcase classname="com.restassured.RestAssuredTool.TestNGTest4" name="create_patch" time="0.365"/>
  <testcase classname="com.restassured.RestAssuredTool.TestNGTest4" name="adduser" time="0.0">
    <ignored/>
  </testcase> <!-- adduser -->
  <testcase classname="com.restassured.RestAssuredTool.TestNGTest4" name="delete_data" time="0.0">
    <ignored/>
  </testcase> <!-- delete_data -->
</testsuite> <!-- Test2 -->
