<?xml version="1.0" encoding="UTF-8"?>
<!-- Generated by org.testng.reporters.JUnitXMLReporter -->
<testsuite ignored="2" hostname="LIN-5CG3251Q22" failures="0" tests="1" name="Test" time="2.327" errors="0" timestamp="2024-05-17T15:09:04 IST">
  <testcase classname="com.restassured.RestAssuredTool.TestNGTest4" name="adduser" time="1.828"/>
  <testcase classname="com.restassured.RestAssuredTool.TestNGTest4" name="delete_data" time="0.0">
    <ignored/>
  </testcase> <!-- delete_data -->
  <testcase classname="com.restassured.RestAssuredTool.TestNGTest4" name="create_patch" time="0.0">
    <ignored/>
  </testcase> <!-- create_patch -->
</testsuite> <!-- Test -->
